2026-04-08 14:50:11 [INFO] Bot Iniciado.
2026-04-08 14:50:11 [INFO] Acessando login...
2026-04-08 14:50:14 [INFO] Navegando para notÝcias...
2026-04-08 14:50:53 [INFO] Processando: Iza reflete sobre ter reatado com Yuri Lima ap¾s traiþÒo: Qualquer um estß sujeito
2026-04-08 14:50:54 [ERROR] Falha FB: {'error': {'message': 'The access token could not be decrypted', 'type': 'OAuthException', 'code': 190, 'fbtrace_id': 'A6KFwJPWHiumVpP8jwPzC5h'}}
2026-04-08 14:50:54 [INFO] Processando: Adolescente Ú torturada com mangueira de gßs por facþÒo criminosa
2026-04-08 14:50:54 [ERROR] Falha FB: {'error': {'message': 'The access token could not be decrypted', 'type': 'OAuthException', 'code': 190, 'fbtrace_id': 'AZ-NM2OhnDny_OvVHWdAbSi'}}
2026-04-08 14:50:54 [INFO] Processando: Conselho Tutelar notifica escola das filhas de VirgÝnia Fonseca ap¾s den·ncias; influenciadora pode ser convocada a depor
2026-04-08 14:50:55 [ERROR] Falha FB: {'error': {'message': 'The access token could not be decrypted', 'type': 'OAuthException', 'code': 190, 'fbtrace_id': 'ATNMpbJqVuxTB6bX09LJcV4'}}
2026-04-08 14:50:55 [INFO] Processando: BBB26: Globo emite nota sobre estado de sa·de de Leandro
2026-04-08 14:50:56 [ERROR] Falha FB: {'error': {'message': 'The access token could not be decrypted', 'type': 'OAuthException', 'code': 190, 'fbtrace_id': 'A_5frPjTBEpTqFvWUwbA1Lg'}}
2026-04-08 14:50:56 [INFO] Processando: Maira Cardi fala sobre diagn¾stico preocupante da filha de 5 meses
2026-04-08 14:50:56 [ERROR] Falha FB: {'error': {'message': 'The access token could not be decrypted', 'type': 'OAuthException', 'code': 190, 'fbtrace_id': 'AMv1NKC9SGkkwNnvlhIvc2n'}}
2026-04-08 14:50:56 [INFO] Processando: Gabriela discute com Marciele no BBB 26: VocÛ Ú minha amiga ou inimiga?
2026-04-08 14:50:57 [ERROR] Falha FB: {'error': {'message': 'The access token could not be decrypted', 'type': 'OAuthException', 'code': 190, 'fbtrace_id': 'A3ICMLZpp0t4F-b1wcH3Y-6'}}
2026-04-08 14:50:57 [INFO] Processando: Adolescente invade escola e fere cinco crianþas com canivete em MG
2026-04-08 14:50:57 [ERROR] Falha FB: {'error': {'message': 'The access token could not be decrypted', 'type': 'OAuthException', 'code': 190, 'fbtrace_id': 'Aw9nDoV5sw_7r7xTOvk-mT4'}}
2026-04-08 14:50:57 [INFO] Processando: Policial aposentado ameaþa ex: ôDecapitar e jogar bola com tua cabeþaö. Veja vÝdeo
2026-04-08 14:50:58 [ERROR] Falha FB: {'error': {'message': 'The access token could not be decrypted', 'type': 'OAuthException', 'code': 190, 'fbtrace_id': 'AgwJ7gTB9LuPPADQ-eH2LPu'}}
2026-04-08 14:50:58 [INFO] Processando: Lore Improta relata reta final da gravidez e revela quantos quilos engordou: Falta de ar
2026-04-08 14:50:59 [ERROR] Falha FB: {'error': {'message': 'The access token could not be decrypted', 'type': 'OAuthException', 'code': 190, 'fbtrace_id': 'A30r51Upzidyhgkeqh6udV8'}}
2026-04-08 14:50:59 [INFO] Processando: Homem Ú condenado por matar ex na frente dos filhos em Goißs
2026-04-08 14:50:59 [ERROR] Falha FB: {'error': {'message': 'The access token could not be decrypted', 'type': 'OAuthException', 'code': 190, 'fbtrace_id': 'Au1-fTIgPwcyYl9JajQ3LT0'}}
2026-04-08 14:50:59 [INFO] Processando: Pessoas doentes e sujas: marido de Simone Mendes, Kakß Diniz se revolta e acusa web de distorcer fala sobre traiþÒo. VÝdeo!
2026-04-08 14:51:00 [ERROR] Falha FB: {'error': {'message': 'The access token could not be decrypted', 'type': 'OAuthException', 'code': 190, 'fbtrace_id': 'Ab5WBLYudY4hps6sF1d2jsN'}}
2026-04-08 14:51:00 [INFO] Processando: Sancho Loko: quem Ú o PM influencer preso e investigado por tortura. Veja vÝdeo
2026-04-08 14:51:01 [ERROR] Falha FB: {'error': {'message': 'The access token could not be decrypted', 'type': 'OAuthException', 'code': 190, 'fbtrace_id': 'AtGMCBALDrT79T4GmHMDAOk'}}
2026-04-08 14:51:01 [INFO] Processando: Ex-BBB Samira ganha presentes inusitados na Globo; veja reaþÒo
2026-04-08 14:51:02 [ERROR] Falha FB: {'error': {'message': 'The access token could not be decrypted', 'type': 'OAuthException', 'code': 190, 'fbtrace_id': 'Acr0K4hZil1Lxjk6NO57mR6'}}
2026-04-08 14:51:02 [INFO] Processando: Leandro Boneco estß em atendimento mÚdico; brothers recebem aviso no BBB 26
2026-04-08 14:51:04 [ERROR] Falha FB: {'error': {'message': 'The access token could not be decrypted', 'type': 'OAuthException', 'code': 190, 'fbtrace_id': 'AxnlgwMC3hyG55Pt_CULrY9'}}
2026-04-08 14:51:04 [INFO] Processando: MÚdico e enfermeira sÒo presos por aplicarem Mounjaro vencido no Rio
2026-04-08 14:51:05 [ERROR] Falha FB: {'error': {'message': 'The access token could not be decrypted', 'type': 'OAuthException', 'code': 190, 'fbtrace_id': 'Ax-konOz5p9uPfoYTlnnvM8'}}
2026-04-08 14:51:05 [INFO] Processando: Piloto de aviÒo de SP some ao viajar para entrevista de emprego no PA
2026-04-08 14:51:06 [ERROR] Falha FB: {'error': {'message': 'The access token could not be decrypted', 'type': 'OAuthException', 'code': 190, 'fbtrace_id': 'ACjaDV9gixRNClXvHjlFvq4'}}
